<?xml version="1.0" encoding="UTF-8"?>
<!-- Generated by org.testng.reporters.JUnitXMLReporter -->
<testsuite ignored="0" hostname="DESKTOP-R83QAQH" failures="2" tests="2" name="Test1" time="0.469" errors="0" timestamp="2022-09-20T12:47:02 IST">
  <testcase classname="org.practice.Mavenpractice1Test" name="s1Test" time="0.016">
    <failure type="java.lang.NullPointerException" message="Cannot invoke &amp;quot;String.hashCode()&amp;quot; because &amp;quot;&amp;lt;local3&amp;gt;&amp;quot; is null">
      <![CDATA[java.lang.NullPointerException: Cannot invoke "String.hashCode()" because "<local3>" is null
at org.tyss.SMS_Sandford_Park_School.WebDriverUtility.launchBrowser(WebDriverUtility.java:40)
at org.tyss.SMS_Sandford_Park_School.WebDriverUtility.openBrowserWithApplication(WebDriverUtility.java:108)
at org.practice.Mavenpractice1Test.s1Test(Mavenpractice1Test.java:14)
at java.base/java.util.ArrayList.forEach(ArrayList.java:1511)
... Removed 27 stack frames]]>
    </failure>
  </testcase> <!-- s1Test -->
  <testcase classname="org.practice.Mavenpractice1Test" name="s1Test" time="0.057">
    <failure type="java.lang.NullPointerException" message="Cannot invoke &amp;quot;org.tyss.SMS_Sandford_Park_School.JavaUtility.currentTime()&amp;quot; because &amp;quot;javautility&amp;quot; is null">
      <![CDATA[java.lang.NullPointerException: Cannot invoke "org.tyss.SMS_Sandford_Park_School.JavaUtility.currentTime()" because "javautility" is null
at org.tyss.SMS_Sandford_Park_School.WebDriverUtility.screenShotLocalSystem(WebDriverUtility.java:284)
at org.tyss.SMS_Sandford_Park_School.ListenerImplementation.onTestFailure(ListenerImplementation.java:40)
at java.base/java.util.ArrayList.forEach(ArrayList.java:1511)
... Removed 24 stack frames]]>
    </failure>
  </testcase> <!-- s1Test -->
</testsuite> <!-- Test1 -->
